
> streaming-server@1.0.0 start
> node src/app.js

Successfully connected to model endpoint.
Disconnected from model endpoint. Retrying in 5s... 
Model endpoint WebSocket error: ErrorEvent {
  [Symbol(kTarget)]: WebSocket {
    _events: [Object: null prototype] {
      open: [Function],
      close: [Function],
      error: [Function],
      message: [Function]
    },
    _eventsCount: 4,
    _maxListeners: undefined,
    _binaryType: 'nodebuffer',
    _closeCode: 1006,
    _closeFrameReceived: false,
    _closeFrameSent: false,
    _closeMessage: <Buffer >,
    _closeTimer: null,
    _errorEmitted: true,
    _extensions: {},
    _paused: false,
    _protocol: '',
    _readyState: 2,
    _receiver: null,
    _sender: null,
    _socket: null,
    _bufferedAmount: 0,
    _isServer: false,
    _redirects: 0,
    _autoPong: true,
    _url: 'ws://3.34.11.17:8000/ws',
    _req: null,
    [Symbol(kCapture)]: false
  },
  [Symbol(kType)]: 'error',
  [Symbol(kError)]: Error: connect ECONNREFUSED 3.34.11.17:8000
      at TCPConnectWrap.afterConnect [as oncomplete] (node:net:1555:16) {
    errno: -111,
    code: 'ECONNREFUSED',
    syscall: 'connect',
    address: '3.34.11.17',
    port: 8000
  },
  [Symbol(kMessage)]: 'connect ECONNREFUSED 3.34.11.17:8000'
}
Disconnected from model endpoint. Retrying in 5s... 
Model endpoint WebSocket error: ErrorEvent {
  [Symbol(kTarget)]: WebSocket {
    _events: [Object: null prototype] {
      open: [Function],
      close: [Function],
      error: [Function],
      message: [Function]
    },
    _eventsCount: 4,
    _maxListeners: undefined,
    _binaryType: 'nodebuffer',
    _closeCode: 1006,
    _closeFrameReceived: false,
    _closeFrameSent: false,
    _closeMessage: <Buffer >,
    _closeTimer: null,
    _errorEmitted: true,
    _extensions: {},
    _paused: false,
    _protocol: '',
    _readyState: 2,
    _receiver: null,
    _sender: null,
    _socket: null,
    _bufferedAmount: 0,
    _isServer: false,
    _redirects: 0,
    _autoPong: true,
    _url: 'ws://3.34.11.17:8000/ws',
    _req: null,
    [Symbol(kCapture)]: false
  },
  [Symbol(kType)]: 'error',
  [Symbol(kError)]: Error: connect ECONNREFUSED 3.34.11.17:8000
      at TCPConnectWrap.afterConnect [as oncomplete] (node:net:1555:16) {
    errno: -111,
    code: 'ECONNREFUSED',
    syscall: 'connect',
    address: '3.34.11.17',
    port: 8000
  },
  [Symbol(kMessage)]: 'connect ECONNREFUSED 3.34.11.17:8000'
}
Disconnected from model endpoint. Retrying in 5s... 
Model endpoint WebSocket error: ErrorEvent {
  [Symbol(kTarget)]: WebSocket {
    _events: [Object: null prototype] {
      open: [Function],
      close: [Function],
      error: [Function],
      message: [Function]
    },
    _eventsCount: 4,
    _maxListeners: undefined,
    _binaryType: 'nodebuffer',
    _closeCode: 1006,
    _closeFrameReceived: false,
    _closeFrameSent: false,
    _closeMessage: <Buffer >,
    _closeTimer: null,
    _errorEmitted: true,
    _extensions: {},
    _paused: false,
    _protocol: '',
    _readyState: 2,
    _receiver: null,
    _sender: null,
    _socket: null,
    _bufferedAmount: 0,
    _isServer: false,
    _redirects: 0,
    _autoPong: true,
    _url: 'ws://3.34.11.17:8000/ws',
    _req: null,
    [Symbol(kCapture)]: false
  },
  [Symbol(kType)]: 'error',
  [Symbol(kError)]: Error: connect ECONNREFUSED 3.34.11.17:8000
      at TCPConnectWrap.afterConnect [as oncomplete] (node:net:1555:16) {
    errno: -111,
    code: 'ECONNREFUSED',
    syscall: 'connect',
    address: '3.34.11.17',
    port: 8000
  },
  [Symbol(kMessage)]: 'connect ECONNREFUSED 3.34.11.17:8000'
}
Disconnected from model endpoint. Retrying in 5s... 
Model endpoint WebSocket error: ErrorEvent {
  [Symbol(kTarget)]: WebSocket {
    _events: [Object: null prototype] {
      open: [Function],
      close: [Function],
      error: [Function],
      message: [Function]
    },
    _eventsCount: 4,
    _maxListeners: undefined,
    _binaryType: 'nodebuffer',
    _closeCode: 1006,
    _closeFrameReceived: false,
    _closeFrameSent: false,
    _closeMessage: <Buffer >,
    _closeTimer: null,
    _errorEmitted: true,
    _extensions: {},
    _paused: false,
    _protocol: '',
    _readyState: 2,
    _receiver: null,
    _sender: null,
    _socket: null,
    _bufferedAmount: 0,
    _isServer: false,
    _redirects: 0,
    _autoPong: true,
    _url: 'ws://3.34.11.17:8000/ws',
    _req: null,
    [Symbol(kCapture)]: false
  },
  [Symbol(kType)]: 'error',
  [Symbol(kError)]: Error: connect ECONNREFUSED 3.34.11.17:8000
      at TCPConnectWrap.afterConnect [as oncomplete] (node:net:1555:16) {
    errno: -111,
    code: 'ECONNREFUSED',
    syscall: 'connect',
    address: '3.34.11.17',
    port: 8000
  },
  [Symbol(kMessage)]: 'connect ECONNREFUSED 3.34.11.17:8000'
}
Disconnected from model endpoint. Retrying in 5s... 
Successfully connected to model endpoint.
